<?xml version="1.0" encoding="UTF-8"?>
<!-- Generated by org.testng.reporters.JUnitReportReporter -->
<testsuite hostname="DESKTOP-S4P2VG9" failures="0" tests="1" name="Extranet.Login" time="10.576" errors="0" timestamp="2023-11-08T11:14:47 IST" skipped="0">
  <testcase classname="Extranet.Login" name="Login" time="10.576"/>
  <system-out/>
</testsuite> <!-- Extranet.Login -->
